/*C3*/SET SCHEMA PUBLIC
DELETE FROM OFID WHERE IDTYPE=19
INSERT INTO OFID VALUES(19,6)
COMMIT
INSERT INTO OFOFFLINE VALUES('user',1,'001585482599750',107,'<message to="user@debian" id="QFL55-7" type="chat" from="user2@debian/6seh6hp82b"><body>hi</body></message>')
COMMIT
INSERT INTO OFOFFLINE VALUES('user',2,'001585482601697',108,'<message to="user@debian" id="QFL55-12" type="chat" from="user2@debian/6seh6hp82b"><body>hi</body></message>')
COMMIT
INSERT INTO OFOFFLINE VALUES('user',3,'001585482603696',108,'<message to="user@debian" id="QFL55-13" type="chat" from="user2@debian/6seh6hp82b"><body>hi</body></message>')
COMMIT
INSERT INTO OFOFFLINE VALUES('user',4,'001585482605696',108,'<message to="user@debian" id="QFL55-16" type="chat" from="user2@debian/6seh6hp82b"><body>hi</body></message>')
COMMIT
INSERT INTO OFOFFLINE VALUES('user',5,'001585482607698',108,'<message to="user@debian" id="QFL55-17" type="chat" from="user2@debian/6seh6hp82b"><body>hi</body></message>')
COMMIT
DELETE FROM OFID WHERE IDTYPE=19
INSERT INTO OFID VALUES(19,11)
COMMIT
INSERT INTO OFOFFLINE VALUES('user',6,'001585482609699',108,'<message to="user@debian" id="QFL55-18" type="chat" from="user2@debian/6seh6hp82b"><body>hi</body></message>')
COMMIT
INSERT INTO OFOFFLINE VALUES('user',7,'001585482611698',108,'<message to="user@debian" id="QFL55-19" type="chat" from="user2@debian/6seh6hp82b"><body>hi</body></message>')
COMMIT
DELETE FROM OFOFFLINE WHERE USERNAME='user' AND MESSAGEID=1
DELETE FROM OFOFFLINE WHERE USERNAME='user' AND MESSAGEID=2
DELETE FROM OFOFFLINE WHERE USERNAME='user' AND MESSAGEID=3
DELETE FROM OFOFFLINE WHERE USERNAME='user' AND MESSAGEID=4
DELETE FROM OFOFFLINE WHERE USERNAME='user' AND MESSAGEID=5
DELETE FROM OFOFFLINE WHERE USERNAME='user' AND MESSAGEID=6
DELETE FROM OFOFFLINE WHERE USERNAME='user' AND MESSAGEID=7
COMMIT
